<?xml version="1.0" encoding="UTF-8"?>
<testsuite name="unitTests.TestaCalc" tests="1" skipped="0" failures="0" errors="0" timestamp="2022-06-30T01:22:56" hostname="LAPTOP-0OK481F7" time="0.021">
  <properties/>
  <testcase name="testarSomarDoisNumeros" classname="unitTests.TestaCalc" time="0.021"/>
  <system-out><![CDATA[]]></system-out>
  <system-err><![CDATA[]]></system-err>
</testsuite>
